; ModuleID = 'Mamba'
source_filename = "Mamba"

@fmt = private unnamed_addr constant [4 x i8] c"%d\0A\00", align 1
@fmt.1 = private unnamed_addr constant [4 x i8] c"%s\0A\00", align 1
@fmt.2 = private unnamed_addr constant [4 x i8] c"%d\0A\00", align 1
@str = private unnamed_addr constant [12 x i8] c"Mamba Rocks\00", align 1

declare i32 @printf(i8*, ...)

define i32 @main() {
entry:
  %b = alloca i8*
  %a = alloca i32
  %c = alloca i1
  store i32 2, i32* %a
  store i8* getelementptr inbounds ([12 x i8], [12 x i8]* @str, i32 0, i32 0), i8** %b
  store i1 true, i1* %c
  %c1 = load i1, i1* %c
  %printf = call i32 (i8*, ...) @printf(i8* getelementptr inbounds ([4 x i8], [4 x i8]* @fmt.2, i32 0, i32 0), i1 %c1)
  %b2 = load i8*, i8** %b
  %printf3 = call i32 (i8*, ...) @printf(i8* getelementptr inbounds ([4 x i8], [4 x i8]* @fmt.1, i32 0, i32 0), i8* %b2)
  %a4 = load i32, i32* %a
  %printf5 = call i32 (i8*, ...) @printf(i8* getelementptr inbounds ([4 x i8], [4 x i8]* @fmt, i32 0, i32 0), i32 %a4)
  ret i32 0
}
